build/app/outputs/mapping/release/seeds.txt
io.flutter.embedding.android.FlutterSplashView$SavedState
androidx.lifecycle.Lifecycle$Event: androidx.lifecycle.Lifecycle$Event ON_RESUME
io.flutter.embedding.engine.FlutterJNI: void addEngineLifecycleListener(io.flutter.embedding.engine.FlutterEngine$EngineLifecycleListener)
io.flutter.embedding.engine.FlutterJNI: FlutterJNI()
io.flutter.embedding.engine.FlutterJNI: boolean getIsSoftwareRenderingEnabled()
android.support.v4.app.RemoteActionCompatParcelizer
io.flutter.embedding.engine.FlutterJNI: void dispatchEmptyPlatformMessage(java.lang.String,int)
io.flutter.embedding.engine.FlutterOverlaySurface: int id
io.flutter.embedding.engine.FlutterJNI: io.flutter.view.FlutterCallbackInformation nativeLookupCallbackInformation(long)
io.flutter.embedding.engine.FlutterJNI: void setLocalizationPlugin(io.flutter.plugin.localization.LocalizationPlugin)
io.flutter.embedding.engine.FlutterOverlaySurface: android.view.Surface surface
io.flutter.view.FlutterCallbackInformation: java.lang.String callbackClassName
io.flutter.embedding.engine.FlutterJNI: void nativeRunBundleAndSnapshotFromLibrary(long,java.lang.String,java.lang.String,java.lang.String,android.content.res.AssetManager)
io.flutter.embedding.engine.FlutterJNI: void handlePlatformMessageResponse(int,java.nio.ByteBuffer)
io.flutter.embedding.android.FlutterSplashView$SavedState: java.lang.String access$602(io.flutter.embedding.android.FlutterSplashView$SavedState,java.lang.String)
io.flutter.view.AccessibilityBridge$StringAttributeType: io.flutter.view.AccessibilityBridge$StringAttributeType valueOf(java.lang.String)
io.flutter.plugin.editing.ImeSyncDeferringInsetsCallback: android.view.WindowInsets access$400(io.flutter.plugin.editing.ImeSyncDeferringInsetsCallback)
io.flutter.view.AccessibilityViewEmbedder: java.lang.Integer getRecordFlutterId(android.view.View,android.view.accessibility.AccessibilityRecord)
io.flutter.embedding.engine.plugins.lifecycle.HiddenLifecycleReference: HiddenLifecycleReference(androidx.lifecycle.Lifecycle)
io.flutter.embedding.engine.FlutterJNI: io.flutter.embedding.engine.FlutterJNI nativeSpawn(long,java.lang.String,java.lang.String,java.lang.String)
com.google.common.util.concurrent.AbstractFuture$Waiter: java.lang.Thread thread
io.flutter.embedding.engine.mutatorsstack.FlutterMutatorsStack: java.util.List getMutators()
androidx.lifecycle.Lifecycle$State: androidx.lifecycle.Lifecycle$State[] values()
io.flutter.embedding.engine.FlutterJNI: java.lang.String observatoryUri
io.flutter.view.AccessibilityBridge$StringAttributeType: io.flutter.view.AccessibilityBridge$StringAttributeType[] values()
io.flutter.view.FlutterCallbackInformation: io.flutter.view.FlutterCallbackInformation lookupCallbackInformation(long)
io.flutter.view.AccessibilityBridge$Action: io.flutter.view.AccessibilityBridge$Action valueOf(java.lang.String)
io.flutter.plugin.editing.ImeSyncDeferringInsetsCallback: android.view.WindowInsetsAnimation$Callback getAnimationCallback()
io.flutter.embedding.engine.FlutterJNI: void dispatchSemanticsAction(int,int,java.nio.ByteBuffer,int)
io.flutter.embedding.engine.FlutterJNI: void nativeImageHeaderCallback(long,int,int)
io.flutter.embedding.engine.FlutterJNI: void runBundleAndSnapshotFromLibrary(java.lang.String,java.lang.String,java.lang.String,android.content.res.AssetManager)
io.flutter.embedding.engine.FlutterJNI: void nativeSetAccessibilityFeatures(long,int)
io.flutter.plugin.editing.ImeSyncDeferringInsetsCallback: android.view.WindowInsets lastWindowInsets
io.flutter.embedding.engine.FlutterJNI: void cleanupMessageData(long)
io.flutter.plugin.editing.ImeSyncDeferringInsetsCallback: int overlayInsetTypes
io.flutter.plugin.platform.SingleViewPresentation: io.flutter.plugin.platform.SingleViewPresentation$PresentationState state
io.flutter.embedding.engine.FlutterJNI: void setSemanticsEnabled(boolean)