build/app/outputs/mapping/release/mapping.txt
# compiler: R8
# compiler_version: 2.1.62
# min_api: 21
# pg_map_id: 7a50a41
# common_typos_disable
...
androidx.savedstate.Recreator -> androidx.savedstate.Recreator:
    androidx.savedstate.SavedStateRegistryOwner mOwner -> a
    void onStateChanged(androidx.lifecycle.LifecycleOwner,androidx.lifecycle.Lifecycle$Event) -> g
androidx.savedstate.SavedStateRegistry -> androidx.savedstate.a:
    boolean mAllowingSavingState -> a
    android.os.Bundle consumeRestoredStateForKey(java.lang.String) -> a
androidx.savedstate.SavedStateRegistry$1 -> androidx.savedstate.SavedStateRegistry$1:
    androidx.savedstate.SavedStateRegistry this$0 -> a
    void onStateChanged(androidx.lifecycle.LifecycleOwner,androidx.lifecycle.Lifecycle$Event) -> g
androidx.savedstate.SavedStateRegistryOwner -> androidx.savedstate.b:
    androidx.savedstate.SavedStateRegistry getSavedStateRegistry() -> j
androidx.tracing.Trace -> a.d.a:
    void beginSection(java.lang.String) -> a
    void endSection() -> b
androidx.tracing.TraceApi18Impl -> a.d.b:
    void beginSection(java.lang.String) -> a
    void endSection() -> b
androidx.versionedparcelable.ParcelImpl -> androidx.versionedparcelable.ParcelImpl:
    androidx.versionedparcelable.VersionedParcelable mParcel -> a
androidx.versionedparcelable.ParcelImpl$1 -> androidx.versionedparcelable.ParcelImpl$a:
    androidx.versionedparcelable.ParcelImpl createFromParcel(android.os.Parcel) -> a
    androidx.versionedparcelable.ParcelImpl[] newArray(int) -> b
androidx.versionedparcelable.VersionedParcel -> androidx.versionedparcelable.a:
    androidx.collection.ArrayMap mParcelizerCache -> c
    androidx.collection.ArrayMap mReadCache -> a
    androidx.collection.ArrayMap mWriteCache -> b
    void writeByteArray(byte[]) -> A
    void writeByteArray(byte[],int) -> B
    void writeCharSequence(java.lang.CharSequence) -> C
    void writeCharSequence(java.lang.CharSequence,int) -> D
    void writeInt(int) -> E
    void writeInt(int,int) -> F
    void writeParcelable(android.os.Parcelable) -> G
    void writeParcelable(android.os.Parcelable,int) -> H
    void writeString(java.lang.String) -> I
    void writeString(java.lang.String,int) -> J
    void writeToParcel(androidx.versionedparcelable.VersionedParcelable,androidx.versionedparcelable.VersionedParcel) -> K
    void writeVersionedParcelable(androidx.versionedparcelable.VersionedParcelable) -> L
    void writeVersionedParcelable(androidx.versionedparcelable.VersionedParcelable,int) -> M
    void writeVersionedParcelableCreator(androidx.versionedparcelable.VersionedParcelable) -> N
    void closeField() -> a
    androidx.versionedparcelable.VersionedParcel createSubParcel() -> b
    java.lang.Class findParcelClass(java.lang.Class) -> c
    java.lang.reflect.Method getReadMethod(java.lang.String) -> d
    java.lang.reflect.Method getWriteMethod(java.lang.Class) -> e
    boolean isStream() -> f
    boolean readBoolean() -> g
    boolean readBoolean(boolean,int) -> h
androidx.versionedparcelable.VersionedParcelParcel -> androidx.versionedparcelable.b:
    android.util.SparseIntArray mPositionLookup -> d
    java.lang.String mPrefix -> h
    int mNextRead -> j
    android.os.Parcel mParcel -> e
    int mFieldId -> k
    int mCurrentField -> i
    int mOffset -> f
    int mEnd -> g
    void writeByteArray(byte[]) -> A
    void writeCharSequence(java.lang.CharSequence) -> C
    void writeInt(int) -> E
    void writeParcelable(android.os.Parcelable) -> G
    void writeString(java.lang.String) -> I
    void closeField() -> a
    androidx.versionedparcelable.VersionedParcel createSubParcel() -> b
    boolean readBoolean() -> g
    byte[] readByteArray() -> i
    java.lang.CharSequence readCharSequence() -> k
    boolean readField(int) -> m
    int readInt() -> o
    android.os.Parcelable readParcelable() -> q
    java.lang.String readString() -> s
    void setOutputField(int) -> w
    void writeBoolean(boolean) -> y
androidx.versionedparcelable.VersionedParcelable -> androidx.versionedparcelable.c: