build/app/outputs/mapping/release/usage.txt
kotlin.annotation.Target
androidx.lifecycle.ReportFragment$LifecycleCallbacks
com.google.common.collect.ComputationException
kotlin.coroutines.CoroutineContext$Element
com.google.common.collect.Sets$PowerSet$1
androidx.core.view.DisplayCompat
com.google.common.eventbus.AsyncEventBus
kotlin.coroutines.ContinuationInterceptor$DefaultImpls
kotlin.jvm.Transient
com.google.common.graph.AbstractBaseGraph$IncidentEdgeSet$Directed
androidx.core.provider.FontRequestWorker$2
com.google.common.reflect.Types$NativeTypeVariableEquals
androidx.core.view.AccessibilityDelegateCompat$AccessibilityDelegateAdapter
com.google.common.collect.UnmodifiableListIterator
com.google.common.util.concurrent.InterruptibleTask
androidx.core.location.LocationManagerCompat$CancellableLocationListener$1
androidx.annotation.StringDef
com.google.common.collect.AbstractListMultimap
com.google.common.util.concurrent.ExecutionSequencer$1
androidx.core.graphics.TypefaceCompatUtil
com.google.common.math.LinearTransformation$LinearTransformationBuilder
com.google.common.cache.RemovalNotification
androidx.core.location.GnssStatusWrapper
com.google.common.io.Flushables
com.google.common.reflect.TypeToken$TypeCollector$4
com.google.common.cache.Striped64$Cell
androidx.core.view.ContentInfoCompat
kotlin.sequences.DropTakeSequence
com.google.common.io.ByteSink
com.google.common.collect.Iterators$4
androidx.loader.app.LoaderManagerImpl$LoaderViewModel$1
androidx.versionedparcelable.ParcelUtils
com.google.common.graph.MapRetrievalCache$CacheEntry
kotlin.reflect.KType$DefaultImpls
com.google.common.collect.AbstractBiMap
kotlin.collections.unsigned.UArraysKt___UArraysJvmKt$asList$4
com.google.common.cache.LocalCache$EntryFactory$3
kotlin.text.CharsKt
kotlin.comparisons.ComparisonsKt__ComparisonsKt$thenDescending$1
androidx.core.content.res.ResourcesCompat$ThemeCompat$ImplApi29
androidx.core.content.pm.PackageInfoCompat$Api28Impl
com.google.common.base.CharMatcher$IsNot
com.google.common.collect.ImmutableSortedSet$Builder
com.google.common.util.concurrent.Service$State$5
androidx.core.view.WindowInsetsAnimationCompat
kotlin.ranges.ClosedFloatRange
kotlin.time.ExperimentalTime
androidx.core.view.accessibility.AccessibilityEventCompat
kotlin.io.TextStreamsKt
kotlin.text.StringsKt__IndentKt
com.google.common.collect.HashBiMap$InverseEntrySet
com.google.common.collect.Sets$DescendingSet
androidx.core.location.LocationCompat$Api17Impl
androidx.core.content.res.FontResourcesParserCompat
com.google.common.math.LongMath
com.google.common.collect.StandardTable$Column$EntrySet
com.google.common.base.Converter$ReverseConverter
com.google.common.hash.Funnels$ByteArrayFunnel
com.google.common.math.LinearTransformation$RegularLinearTransformation
androidx.core.location.LocationManagerCompat$Api28Impl
androidx.fragment.app.FragmentActivity$HostCallbacks
com.google.common.collect.Lists$2
androidx.core.provider.RequestExecutor$ReplyRunnable$1
androidx.core.hardware.display.DisplayManagerCompat
org.intellij.lang.annotations.Flow
androidx.core.app.FrameMetricsAggregator$MetricType
com.google.common.collect.Multisets$2
kotlin.UShortArray$Iterator
com.google.common.collect.ImmutableList$SubList
androidx.core.widget.TextViewCompat
com.google.common.collect.AbstractSortedKeySortedSetMultimap
com.google.common.util.concurrent.Callables$4
com.google.common.collect.ArrayTable$1
kotlin.io.FilesKt__UtilsKt$copyRecursively$2
com.google.common.net.HostAndPort
com.google.common.graph.ForwardingNetwork
io.flutter.plugin.platform.SingleViewPresentation$WindowManagerHandler:
    private static final java.lang.String TAG
com.google.common.collect.MultimapBuilder$ListMultimapBuilder
androidx.core.graphics.PathParser
kotlin.sequences.DistinctIterator
com.google.common.cache.LocalCache$NullEntry
kotlin.jvm.internal.markers.KMutableMap
androidx.core.graphics.TypefaceCompatBaseImpl$2
io.flutter.plugins.pathprovider.R
com.google.common.util.concurrent.Futures$NonCancellationPropagatingFuture